<?xml version='1.0' encoding='UTF-8' ?>
<testsuite name="net.ichigotake.pyazing.ApplicationTest" tests="2" failures="0" errors="0" time="0.01" timestamp="2014-12-07T07:49:44" hostname="localhost">
  <properties device="Nexus 9 - 5.0.1" flavor="" project="app" />
  <testcase name="testAndroidTestCaseSetupProperly" classname="net.ichigotake.pyazing.ApplicationTest" time="0.0" />
  <testcase name="testApplicationTestCaseSetUpProperly" classname="net.ichigotake.pyazing.ApplicationTest" time="0.0" />
</testsuite>